<?xml version="1.0" encoding="UTF-8"?>
<!-- Generated by org.testng.reporters.JUnitReportReporter -->
<testsuite skipped="1" hostname="TYSS" name="scripts.TestScripts" tests="2" failures="0" timestamp="2019-11-26T07:38:39 IST" time="13.773" errors="0">
  <testcase name="testSortListbox" time="13.773" classname="scripts.TestScripts"/>
  <testcase name="tesCreateEmployee" classname="scripts.TestScripts">
    <skipped/>
  </testcase> <!-- tesCreateEmployee -->
</testsuite> <!-- scripts.TestScripts -->
